<?xml version="1.0" encoding="UTF-8"?>
<testsuite xmlns:xsi="http://www.w3.org/2001/XMLSchema-instance" xsi:noNamespaceSchemaLocation="https://maven.apache.org/surefire/maven-surefire-plugin/xsd/surefire-test-report.xsd" name="com.zhy.service.RedisTest" time="0.031" tests="1" errors="0" skipped="0" failures="0">
  <properties>
    <property name="sun.desktop" value="windows"/>
    <property name="awt.toolkit" value="sun.awt.windows.WToolkit"/>
    <property name="file.encoding.pkg" value="sun.io"/>
    <property name="java.specification.version" value="1.8"/>
    <property name="sun.cpu.isalist" value="amd64"/>
    <property name="sun.jnu.encoding" value="GBK"/>
    <property name="java.class.path" value="C:\Users\33135\Desktop\MyBlog\target\test-classes;C:\Users\33135\Desktop\MyBlog\target\classes;D:\Java\apache\apache-maven-3.9.1\mav_repository\org\springframework\boot\spring-boot-starter-web\2.0.0.RELEASE\spring-boot-starter-web-2.0.0.RELEASE.jar;D:\Java\apache\apache-maven-3.9.1\mav_repository\org\springframework\boot\spring-boot-starter\2.0.0.RELEASE\spring-boot-starter-2.0.0.RELEASE.jar;D:\Java\apache\apache-maven-3.9.1\mav_repository\org\springframework\boot\spring-boot\2.0.0.RELEASE\spring-boot-2.0.0.RELEASE.jar;D:\Java\apache\apache-maven-3.9.1\mav_repository\org\springframework\boot\spring-boot-autoconfigure\2.0.0.RELEASE\spring-boot-autoconfigure-2.0.0.RELEASE.jar;D:\Java\apache\apache-maven-3.9.1\mav_repository\org\yaml\snakeyaml\1.19\snakeyaml-1.19.jar;D:\Java\apache\apache-maven-3.9.1\mav_repository\org\springframework\boot\spring-boot-starter-json\2.0.0.RELEASE\spring-boot-starter-json-2.0.0.RELEASE.jar;D:\Java\apache\apache-maven-3.9.1\mav_repository\com\fasterxml\jackson\core\jackson-databind\2.9.4\jackson-databind-2.9.4.jar;D:\Java\apache\apache-maven-3.9.1\mav_repository\com\fasterxml\jackson\core\jackson-annotations\2.9.0\jackson-annotations-2.9.0.jar;D:\Java\apache\apache-maven-3.9.1\mav_repository\com\fasterxml\jackson\core\jackson-core\2.9.4\jackson-core-2.9.4.jar;D:\Java\apache\apache-maven-3.9.1\mav_repository\com\fasterxml\jackson\datatype\jackson-datatype-jdk8\2.9.4\jackson-datatype-jdk8-2.9.4.jar;D:\Java\apache\apache-maven-3.9.1\mav_repository\com\fasterxml\jackson\datatype\jackson-datatype-jsr310\2.9.4\jackson-datatype-jsr310-2.9.4.jar;D:\Java\apache\apache-maven-3.9.1\mav_repository\com\fasterxml\jackson\module\jackson-module-parameter-names\2.9.4\jackson-module-parameter-names-2.9.4.jar;D:\Java\apache\apache-maven-3.9.1\mav_repository\org\hibernate\validator\hibernate-validator\6.0.7.Final\hibernate-validator-6.0.7.Final.jar;D:\Java\apache\apache-maven-3.9.1\mav_repository\javax\validation\validation-api\2.0.1.Final\validation-api-2.0.1.Final.jar;D:\Java\apache\apache-maven-3.9.1\mav_repository\org\jboss\logging\jboss-logging\3.3.2.Final\jboss-logging-3.3.2.Final.jar;D:\Java\apache\apache-maven-3.9.1\mav_repository\com\fasterxml\classmate\1.3.4\classmate-1.3.4.jar;D:\Java\apache\apache-maven-3.9.1\mav_repository\org\springframework\spring-web\5.0.4.RELEASE\spring-web-5.0.4.RELEASE.jar;D:\Java\apache\apache-maven-3.9.1\mav_repository\org\springframework\spring-beans\5.0.4.RELEASE\spring-beans-5.0.4.RELEASE.jar;D:\Java\apache\apache-maven-3.9.1\mav_repository\org\springframework\spring-webmvc\5.0.4.RELEASE\spring-webmvc-5.0.4.RELEASE.jar;D:\Java\apache\apache-maven-3.9.1\mav_repository\org\springframework\spring-context\5.0.4.RELEASE\spring-context-5.0.4.RELEASE.jar;D:\Java\apache\apache-maven-3.9.1\mav_repository\org\springframework\spring-expression\5.0.4.RELEASE\spring-expression-5.0.4.RELEASE.jar;D:\Java\apache\apache-maven-3.9.1\mav_repository\org\springframework\boot\spring-boot-starter-tomcat\2.0.0.RELEASE\spring-boot-starter-tomcat-2.0.0.RELEASE.jar;D:\Java\apache\apache-maven-3.9.1\mav_repository\javax\annotation\javax.annotation-api\1.3.2\javax.annotation-api-1.3.2.jar;D:\Java\apache\apache-maven-3.9.1\mav_repository\org\apache\tomcat\embed\tomcat-embed-core\8.5.28\tomcat-embed-core-8.5.28.jar;D:\Java\apache\apache-maven-3.9.1\mav_repository\org\apache\tomcat\embed\tomcat-embed-el\8.5.28\tomcat-embed-el-8.5.28.jar;D:\Java\apache\apache-maven-3.9.1\mav_repository\org\apache\tomcat\embed\tomcat-embed-websocket\8.5.28\tomcat-embed-websocket-8.5.28.jar;D:\Java\apache\apache-maven-3.9.1\mav_repository\org\springframework\boot\spring-boot-starter-test\2.0.0.RELEASE\spring-boot-starter-test-2.0.0.RELEASE.jar;D:\Java\apache\apache-maven-3.9.1\mav_repository\org\springframework\boot\spring-boot-test\2.0.0.RELEASE\spring-boot-test-2.0.0.RELEASE.jar;D:\Java\apache\apache-maven-3.9.1\mav_repository\org\springframework\boot\spring-boot-test-autoconfigure\2.0.0.RELEASE\spring-boot-test-autoconfigure-2.0.0.RELEASE.jar;D:\Java\apache\apache-maven-3.9.1\mav_repository\com\jayway\jsonpath\json-path\2.4.0\json-path-2.4.0.jar;D:\Java\apache\apache-maven-3.9.1\mav_repository\net\minidev\json-smart\2.3\json-smart-2.3.jar;D:\Java\apache\apache-maven-3.9.1\mav_repository\net\minidev\accessors-smart\1.2\accessors-smart-1.2.jar;D:\Java\apache\apache-maven-3.9.1\mav_repository\org\ow2\asm\asm\5.0.4\asm-5.0.4.jar;D:\Java\apache\apache-maven-3.9.1\mav_repository\junit\junit\4.12\junit-4.12.jar;D:\Java\apache\apache-maven-3.9.1\mav_repository\org\assertj\assertj-core\3.9.1\assertj-core-3.9.1.jar;D:\Java\apache\apache-maven-3.9.1\mav_repository\org\mockito\mockito-core\2.15.0\mockito-core-2.15.0.jar;D:\Java\apache\apache-maven-3.9.1\mav_repository\net\bytebuddy\byte-buddy\1.7.10\byte-buddy-1.7.10.jar;D:\Java\apache\apache-maven-3.9.1\mav_repository\net\bytebuddy\byte-buddy-agent\1.7.10\byte-buddy-agent-1.7.10.jar;D:\Java\apache\apache-maven-3.9.1\mav_repository\org\objenesis\objenesis\2.6\objenesis-2.6.jar;D:\Java\apache\apache-maven-3.9.1\mav_repository\org\hamcrest\hamcrest-core\1.3\hamcrest-core-1.3.jar;D:\Java\apache\apache-maven-3.9.1\mav_repository\org\hamcrest\hamcrest-library\1.3\hamcrest-library-1.3.jar;D:\Java\apache\apache-maven-3.9.1\mav_repository\org\skyscreamer\jsonassert\1.5.0\jsonassert-1.5.0.jar;D:\Java\apache\apache-maven-3.9.1\mav_repository\com\vaadin\external\google\android-json\0.0.20131108.vaadin1\android-json-0.0.20131108.vaadin1.jar;D:\Java\apache\apache-maven-3.9.1\mav_repository\org\springframework\spring-core\5.0.4.RELEASE\spring-core-5.0.4.RELEASE.jar;D:\Java\apache\apache-maven-3.9.1\mav_repository\org\springframework\spring-jcl\5.0.4.RELEASE\spring-jcl-5.0.4.RELEASE.jar;D:\Java\apache\apache-maven-3.9.1\mav_repository\org\springframework\spring-test\5.0.4.RELEASE\spring-test-5.0.4.RELEASE.jar;D:\Java\apache\apache-maven-3.9.1\mav_repository\org\xmlunit\xmlunit-core\2.5.1\xmlunit-core-2.5.1.jar;D:\Java\apache\apache-maven-3.9.1\mav_repository\org\springframework\boot\spring-boot-starter-log4j2\2.0.0.RELEASE\spring-boot-starter-log4j2-2.0.0.RELEASE.jar;D:\Java\apache\apache-maven-3.9.1\mav_repository\org\apache\logging\log4j\log4j-slf4j-impl\2.10.0\log4j-slf4j-impl-2.10.0.jar;D:\Java\apache\apache-maven-3.9.1\mav_repository\org\apache\logging\log4j\log4j-core\2.10.0\log4j-core-2.10.0.jar;D:\Java\apache\apache-maven-3.9.1\mav_repository\org\slf4j\jul-to-slf4j\1.7.25\jul-to-slf4j-1.7.25.jar;D:\Java\apache\apache-maven-3.9.1\mav_repository\org\springframework\boot\spring-boot-starter-thymeleaf\2.1.0.RELEASE\spring-boot-starter-thymeleaf-2.1.0.RELEASE.jar;D:\Java\apache\apache-maven-3.9.1\mav_repository\org\thymeleaf\thymeleaf-spring5\3.0.9.RELEASE\thymeleaf-spring5-3.0.9.RELEASE.jar;D:\Java\apache\apache-maven-3.9.1\mav_repository\org\thymeleaf\thymeleaf\3.0.9.RELEASE\thymeleaf-3.0.9.RELEASE.jar;D:\Java\apache\apache-maven-3.9.1\mav_repository\org\attoparser\attoparser\2.0.4.RELEASE\attoparser-2.0.4.RELEASE.jar;D:\Java\apache\apache-maven-3.9.1\mav_repository\org\unbescape\unbescape\1.1.5.RELEASE\unbescape-1.1.5.RELEASE.jar;D:\Java\apache\apache-maven-3.9.1\mav_repository\org\thymeleaf\extras\thymeleaf-extras-java8time\3.0.1.RELEASE\thymeleaf-extras-java8time-3.0.1.RELEASE.jar;D:\Java\apache\apache-maven-3.9.1\mav_repository\org\mybatis\spring\boot\mybatis-spring-boot-starter\1.3.2\mybatis-spring-boot-starter-1.3.2.jar;D:\Java\apache\apache-maven-3.9.1\mav_repository\org\springframework\boot\spring-boot-starter-jdbc\2.0.0.RELEASE\spring-boot-starter-jdbc-2.0.0.RELEASE.jar;D:\Java\apache\apache-maven-3.9.1\mav_repository\com\zaxxer\HikariCP\2.7.8\HikariCP-2.7.8.jar;D:\Java\apache\apache-maven-3.9.1\mav_repository\org\springframework\spring-jdbc\5.0.4.RELEASE\spring-jdbc-5.0.4.RELEASE.jar;D:\Java\apache\apache-maven-3.9.1\mav_repository\org\mybatis\spring\boot\mybatis-spring-boot-autoconfigure\1.3.2\mybatis-spring-boot-autoconfigure-1.3.2.jar;D:\Java\apache\apache-maven-3.9.1\mav_repository\org\mybatis\mybatis\3.4.6\mybatis-3.4.6.jar;D:\Java\apache\apache-maven-3.9.1\mav_repository\org\mybatis\mybatis-spring\1.3.2\mybatis-spring-1.3.2.jar;D:\Java\apache\apache-maven-3.9.1\mav_repository\com\github\pagehelper\pagehelper-spring-boot-starter\1.2.3\pagehelper-spring-boot-starter-1.2.3.jar;D:\Java\apache\apache-maven-3.9.1\mav_repository\com\github\pagehelper\pagehelper-spring-boot-autoconfigure\1.2.3\pagehelper-spring-boot-autoconfigure-1.2.3.jar;D:\Java\apache\apache-maven-3.9.1\mav_repository\com\github\pagehelper\pagehelper\5.1.2\pagehelper-5.1.2.jar;D:\Java\apache\apache-maven-3.9.1\mav_repository\com\github\jsqlparser\jsqlparser\1.0\jsqlparser-1.0.jar;D:\Java\apache\apache-maven-3.9.1\mav_repository\org\apache\logging\log4j\log4j-1.2-api\2.8.2\log4j-1.2-api-2.8.2.jar;D:\Java\apache\apache-maven-3.9.1\mav_repository\org\apache\logging\log4j\log4j-api\2.10.0\log4j-api-2.10.0.jar;D:\Java\apache\apache-maven-3.9.1\mav_repository\org\apache\commons\commons-pool2\2.0\commons-pool2-2.0.jar;D:\Java\apache\apache-maven-3.9.1\mav_repository\com\mysql\mysql-connector-j\8.0.32\mysql-connector-j-8.0.32.jar;D:\Java\apache\apache-maven-3.9.1\mav_repository\com\google\protobuf\protobuf-java\3.21.9\protobuf-java-3.21.9.jar;D:\Java\apache\apache-maven-3.9.1\mav_repository\com\alibaba\druid\1.1.10\druid-1.1.10.jar;D:\Java\apache\apache-maven-3.9.1\mav_repository\org\projectlombok\lombok\1.18.20\lombok-1.18.20.jar;D:\Java\apache\apache-maven-3.9.1\mav_repository\org\springframework\boot\spring-boot-starter-security\2.0.0.RELEASE\spring-boot-starter-security-2.0.0.RELEASE.jar;D:\Java\apache\apache-maven-3.9.1\mav_repository\org\springframework\spring-aop\5.0.4.RELEASE\spring-aop-5.0.4.RELEASE.jar;D:\Java\apache\apache-maven-3.9.1\mav_repository\org\springframework\security\spring-security-config\5.0.3.RELEASE\spring-security-config-5.0.3.RELEASE.jar;D:\Java\apache\apache-maven-3.9.1\mav_repository\org\springframework\security\spring-security-core\5.0.3.RELEASE\spring-security-core-5.0.3.RELEASE.jar;D:\Java\apache\apache-maven-3.9.1\mav_repository\org\springframework\security\spring-security-web\5.0.3.RELEASE\spring-security-web-5.0.3.RELEASE.jar;D:\Java\apache\apache-maven-3.9.1\mav_repository\org\thymeleaf\extras\thymeleaf-extras-springsecurity4\3.0.2.RELEASE\thymeleaf-extras-springsecurity4-3.0.2.RELEASE.jar;D:\Java\apache\apache-maven-3.9.1\mav_repository\org\slf4j\slf4j-api\1.7.25\slf4j-api-1.7.25.jar;D:\Java\apache\apache-maven-3.9.1\mav_repository\net\sf\json-lib\json-lib-ext-spring\1.0.2\json-lib-ext-spring-1.0.2.jar;D:\Java\apache\apache-maven-3.9.1\mav_repository\net\sf\json-lib\json-lib\2.2.2\json-lib-2.2.2-jdk15.jar;D:\Java\apache\apache-maven-3.9.1\mav_repository\commons-beanutils\commons-beanutils\1.7.0\commons-beanutils-1.7.0.jar;D:\Java\apache\apache-maven-3.9.1\mav_repository\commons-collections\commons-collections\3.2\commons-collections-3.2.jar;D:\Java\apache\apache-maven-3.9.1\mav_repository\commons-lang\commons-lang\2.4\commons-lang-2.4.jar;D:\Java\apache\apache-maven-3.9.1\mav_repository\commons-logging\commons-logging\1.1.1\commons-logging-1.1.1.jar;D:\Java\apache\apache-maven-3.9.1\mav_repository\net\sf\ezmorph\ezmorph\1.0.4\ezmorph-1.0.4.jar;D:\Java\apache\apache-maven-3.9.1\mav_repository\javax\servlet\servlet-api\2.4\servlet-api-2.4.jar;D:\Java\apache\apache-maven-3.9.1\mav_repository\log4j\log4j\1.2.14\log4j-1.2.14.jar;D:\Java\apache\apache-maven-3.9.1\mav_repository\org\json\json\20160810\json-20160810.jar;D:\Java\apache\apache-maven-3.9.1\mav_repository\com\alibaba\fastjson\1.2.58\fastjson-1.2.58.jar;D:\Java\apache\apache-maven-3.9.1\mav_repository\com\aliyun\aliyun-java-sdk-dysmsapi\1.1.0\aliyun-java-sdk-dysmsapi-1.1.0.jar;D:\Java\apache\apache-maven-3.9.1\mav_repository\com\aliyun\aliyun-java-sdk-core\3.2.8\aliyun-java-sdk-core-3.2.8.jar;D:\Java\apache\apache-maven-3.9.1\mav_repository\com\aliyun\oss\aliyun-sdk-oss\2.8.3\aliyun-sdk-oss-2.8.3.jar;D:\Java\apache\apache-maven-3.9.1\mav_repository\org\apache\httpcomponents\httpclient\4.5.5\httpclient-4.5.5.jar;D:\Java\apache\apache-maven-3.9.1\mav_repository\org\apache\httpcomponents\httpcore\4.4.9\httpcore-4.4.9.jar;D:\Java\apache\apache-maven-3.9.1\mav_repository\org\jdom\jdom\1.1\jdom-1.1.jar;D:\Java\apache\apache-maven-3.9.1\mav_repository\org\springframework\boot\spring-boot-starter-data-redis\2.0.0.RELEASE\spring-boot-starter-data-redis-2.0.0.RELEASE.jar;D:\Java\apache\apache-maven-3.9.1\mav_repository\org\springframework\data\spring-data-redis\2.0.5.RELEASE\spring-data-redis-2.0.5.RELEASE.jar;D:\Java\apache\apache-maven-3.9.1\mav_repository\org\springframework\data\spring-data-keyvalue\2.0.5.RELEASE\spring-data-keyvalue-2.0.5.RELEASE.jar;D:\Java\apache\apache-maven-3.9.1\mav_repository\org\springframework\data\spring-data-commons\2.0.5.RELEASE\spring-data-commons-2.0.5.RELEASE.jar;D:\Java\apache\apache-maven-3.9.1\mav_repository\org\springframework\spring-tx\5.0.4.RELEASE\spring-tx-5.0.4.RELEASE.jar;D:\Java\apache\apache-maven-3.9.1\mav_repository\org\springframework\spring-oxm\5.0.4.RELEASE\spring-oxm-5.0.4.RELEASE.jar;D:\Java\apache\apache-maven-3.9.1\mav_repository\org\springframework\spring-context-support\5.0.4.RELEASE\spring-context-support-5.0.4.RELEASE.jar;D:\Java\apache\apache-maven-3.9.1\mav_repository\io\lettuce\lettuce-core\5.0.2.RELEASE\lettuce-core-5.0.2.RELEASE.jar;D:\Java\apache\apache-maven-3.9.1\mav_repository\io\projectreactor\reactor-core\3.1.5.RELEASE\reactor-core-3.1.5.RELEASE.jar;D:\Java\apache\apache-maven-3.9.1\mav_repository\org\reactivestreams\reactive-streams\1.0.2\reactive-streams-1.0.2.jar;D:\Java\apache\apache-maven-3.9.1\mav_repository\io\netty\netty-common\4.1.22.Final\netty-common-4.1.22.Final.jar;D:\Java\apache\apache-maven-3.9.1\mav_repository\io\netty\netty-transport\4.1.22.Final\netty-transport-4.1.22.Final.jar;D:\Java\apache\apache-maven-3.9.1\mav_repository\io\netty\netty-buffer\4.1.22.Final\netty-buffer-4.1.22.Final.jar;D:\Java\apache\apache-maven-3.9.1\mav_repository\io\netty\netty-resolver\4.1.22.Final\netty-resolver-4.1.22.Final.jar;D:\Java\apache\apache-maven-3.9.1\mav_repository\io\netty\netty-handler\4.1.22.Final\netty-handler-4.1.22.Final.jar;D:\Java\apache\apache-maven-3.9.1\mav_repository\io\netty\netty-codec\4.1.22.Final\netty-codec-4.1.22.Final.jar;D:\Java\apache\apache-maven-3.9.1\mav_repository\commons-codec\commons-codec\1.11\commons-codec-1.11.jar;D:\Java\apache\apache-maven-3.9.1\mav_repository\org\springframework\boot\spring-boot-starter-aop\2.0.0.RELEASE\spring-boot-starter-aop-2.0.0.RELEASE.jar;D:\Java\apache\apache-maven-3.9.1\mav_repository\org\aspectj\aspectjweaver\1.8.13\aspectjweaver-1.8.13.jar;"/>
    <property name="java.vm.vendor" value="Oracle Corporation"/>
    <property name="sun.arch.data.model" value="64"/>
    <property name="user.variant" value=""/>
    <property name="java.vendor.url" value="http://java.oracle.com/"/>
    <property name="user.timezone" value=""/>
    <property name="java.vm.specification.version" value="1.8"/>
    <property name="os.name" value="Windows 10"/>
    <property name="user.country" value="CN"/>
    <property name="sun.java.launcher" value="SUN_STANDARD"/>
    <property name="sun.boot.library.path" value="D:\Java\Tools\JDK\JDK1.8\jre\bin"/>
    <property name="sun.java.command" value="C:\Users\33135\AppData\Local\Temp\surefire5037286668138131105\surefirebooter7098011132944790838.jar C:\Users\33135\AppData\Local\Temp\surefire5037286668138131105 2023-06-23T13-28-56_543-jvmRun1 surefire3316593718415497689tmp surefire_07728260039515316175tmp"/>
    <property name="surefire.test.class.path" value="C:\Users\33135\Desktop\MyBlog\target\test-classes;C:\Users\33135\Desktop\MyBlog\target\classes;D:\Java\apache\apache-maven-3.9.1\mav_repository\org\springframework\boot\spring-boot-starter-web\2.0.0.RELEASE\spring-boot-starter-web-2.0.0.RELEASE.jar;D:\Java\apache\apache-maven-3.9.1\mav_repository\org\springframework\boot\spring-boot-starter\2.0.0.RELEASE\spring-boot-starter-2.0.0.RELEASE.jar;D:\Java\apache\apache-maven-3.9.1\mav_repository\org\springframework\boot\spring-boot\2.0.0.RELEASE\spring-boot-2.0.0.RELEASE.jar;D:\Java\apache\apache-maven-3.9.1\mav_repository\org\springframework\boot\spring-boot-autoconfigure\2.0.0.RELEASE\spring-boot-autoconfigure-2.0.0.RELEASE.jar;D:\Java\apache\apache-maven-3.9.1\mav_repository\org\yaml\snakeyaml\1.19\snakeyaml-1.19.jar;D:\Java\apache\apache-maven-3.9.1\mav_repository\org\springframework\boot\spring-boot-starter-json\2.0.0.RELEASE\spring-boot-starter-json-2.0.0.RELEASE.jar;D:\Java\apache\apache-maven-3.9.1\mav_repository\com\fasterxml\jackson\core\jackson-databind\2.9.4\jackson-databind-2.9.4.jar;D:\Java\apache\apache-maven-3.9.1\mav_repository\com\fasterxml\jackson\core\jackson-annotations\2.9.0\jackson-annotations-2.9.0.jar;D:\Java\apache\apache-maven-3.9.1\mav_repository\com\fasterxml\jackson\core\jackson-core\2.9.4\jackson-core-2.9.4.jar;D:\Java\apache\apache-maven-3.9.1\mav_repository\com\fasterxml\jackson\datatype\jackson-datatype-jdk8\2.9.4\jackson-datatype-jdk8-2.9.4.jar;D:\Java\apache\apache-maven-3.9.1\mav_repository\com\fasterxml\jackson\datatype\jackson-datatype-jsr310\2.9.4\jackson-datatype-jsr310-2.9.4.jar;D:\Java\apache\apache-maven-3.9.1\mav_repository\com\fasterxml\jackson\module\jackson-module-parameter-names\2.9.4\jackson-module-parameter-names-2.9.4.jar;D:\Java\apache\apache-maven-3.9.1\mav_repository\org\hibernate\validator\hibernate-validator\6.0.7.Final\hibernate-validator-6.0.7.Final.jar;D:\Java\apache\apache-maven-3.9.1\mav_repository\javax\validation\validation-api\2.0.1.Final\validation-api-2.0.1.Final.jar;D:\Java\apache\apache-maven-3.9.1\mav_repository\org\jboss\logging\jboss-logging\3.3.2.Final\jboss-logging-3.3.2.Final.jar;D:\Java\apache\apache-maven-3.9.1\mav_repository\com\fasterxml\classmate\1.3.4\classmate-1.3.4.jar;D:\Java\apache\apache-maven-3.9.1\mav_repository\org\springframework\spring-web\5.0.4.RELEASE\spring-web-5.0.4.RELEASE.jar;D:\Java\apache\apache-maven-3.9.1\mav_repository\org\springframework\spring-beans\5.0.4.RELEASE\spring-beans-5.0.4.RELEASE.jar;D:\Java\apache\apache-maven-3.9.1\mav_repository\org\springframework\spring-webmvc\5.0.4.RELEASE\spring-webmvc-5.0.4.RELEASE.jar;D:\Java\apache\apache-maven-3.9.1\mav_repository\org\springframework\spring-context\5.0.4.RELEASE\spring-context-5.0.4.RELEASE.jar;D:\Java\apache\apache-maven-3.9.1\mav_repository\org\springframework\spring-expression\5.0.4.RELEASE\spring-expression-5.0.4.RELEASE.jar;D:\Java\apache\apache-maven-3.9.1\mav_repository\org\springframework\boot\spring-boot-starter-tomcat\2.0.0.RELEASE\spring-boot-starter-tomcat-2.0.0.RELEASE.jar;D:\Java\apache\apache-maven-3.9.1\mav_repository\javax\annotation\javax.annotation-api\1.3.2\javax.annotation-api-1.3.2.jar;D:\Java\apache\apache-maven-3.9.1\mav_repository\org\apache\tomcat\embed\tomcat-embed-core\8.5.28\tomcat-embed-core-8.5.28.jar;D:\Java\apache\apache-maven-3.9.1\mav_repository\org\apache\tomcat\embed\tomcat-embed-el\8.5.28\tomcat-embed-el-8.5.28.jar;D:\Java\apache\apache-maven-3.9.1\mav_repository\org\apache\tomcat\embed\tomcat-embed-websocket\8.5.28\tomcat-embed-websocket-8.5.28.jar;D:\Java\apache\apache-maven-3.9.1\mav_repository\org\springframework\boot\spring-boot-starter-test\2.0.0.RELEASE\spring-boot-starter-test-2.0.0.RELEASE.jar;D:\Java\apache\apache-maven-3.9.1\mav_repository\org\springframework\boot\spring-boot-test\2.0.0.RELEASE\spring-boot-test-2.0.0.RELEASE.jar;D:\Java\apache\apache-maven-3.9.1\mav_repository\org\springframework\boot\spring-boot-test-autoconfigure\2.0.0.RELEASE\spring-boot-test-autoconfigure-2.0.0.RELEASE.jar;D:\Java\apache\apache-maven-3.9.1\mav_repository\com\jayway\jsonpath\json-path\2.4.0\json-path-2.4.0.jar;D:\Java\apache\apache-maven-3.9.1\mav_repository\net\minidev\json-smart\2.3\json-smart-2.3.jar;D:\Java\apache\apache-maven-3.9.1\mav_repository\net\minidev\accessors-smart\1.2\accessors-smart-1.2.jar;D:\Java\apache\apache-maven-3.9.1\mav_repository\org\ow2\asm\asm\5.0.4\asm-5.0.4.jar;D:\Java\apache\apache-maven-3.9.1\mav_repository\junit\junit\4.12\junit-4.12.jar;D:\Java\apache\apache-maven-3.9.1\mav_repository\org\assertj\assertj-core\3.9.1\assertj-core-3.9.1.jar;D:\Java\apache\apache-maven-3.9.1\mav_repository\org\mockito\mockito-core\2.15.0\mockito-core-2.15.0.jar;D:\Java\apache\apache-maven-3.9.1\mav_repository\net\bytebuddy\byte-buddy\1.7.10\byte-buddy-1.7.10.jar;D:\Java\apache\apache-maven-3.9.1\mav_repository\net\bytebuddy\byte-buddy-agent\1.7.10\byte-buddy-agent-1.7.10.jar;D:\Java\apache\apache-maven-3.9.1\mav_repository\org\objenesis\objenesis\2.6\objenesis-2.6.jar;D:\Java\apache\apache-maven-3.9.1\mav_repository\org\hamcrest\hamcrest-core\1.3\hamcrest-core-1.3.jar;D:\Java\apache\apache-maven-3.9.1\mav_repository\org\hamcrest\hamcrest-library\1.3\hamcrest-library-1.3.jar;D:\Java\apache\apache-maven-3.9.1\mav_repository\org\skyscreamer\jsonassert\1.5.0\jsonassert-1.5.0.jar;D:\Java\apache\apache-maven-3.9.1\mav_repository\com\vaadin\external\google\android-json\0.0.20131108.vaadin1\android-json-0.0.20131108.vaadin1.jar;D:\Java\apache\apache-maven-3.9.1\mav_repository\org\springframework\spring-core\5.0.4.RELEASE\spring-core-5.0.4.RELEASE.jar;D:\Java\apache\apache-maven-3.9.1\mav_repository\org\springframework\spring-jcl\5.0.4.RELEASE\spring-jcl-5.0.4.RELEASE.jar;D:\Java\apache\apache-maven-3.9.1\mav_repository\org\springframework\spring-test\5.0.4.RELEASE\spring-test-5.0.4.RELEASE.jar;D:\Java\apache\apache-maven-3.9.1\mav_repository\org\xmlunit\xmlunit-core\2.5.1\xmlunit-core-2.5.1.jar;D:\Java\apache\apache-maven-3.9.1\mav_repository\org\springframework\boot\spring-boot-starter-log4j2\2.0.0.RELEASE\spring-boot-starter-log4j2-2.0.0.RELEASE.jar;D:\Java\apache\apache-maven-3.9.1\mav_repository\org\apache\logging\log4j\log4j-slf4j-impl\2.10.0\log4j-slf4j-impl-2.10.0.jar;D:\Java\apache\apache-maven-3.9.1\mav_repository\org\apache\logging\log4j\log4j-core\2.10.0\log4j-core-2.10.0.jar;D:\Java\apache\apache-maven-3.9.1\mav_repository\org\slf4j\jul-to-slf4j\1.7.25\jul-to-slf4j-1.7.25.jar;D:\Java\apache\apache-maven-3.9.1\mav_repository\org\springframework\boot\spring-boot-starter-thymeleaf\2.1.0.RELEASE\spring-boot-starter-thymeleaf-2.1.0.RELEASE.jar;D:\Java\apache\apache-maven-3.9.1\mav_repository\org\thymeleaf\thymeleaf-spring5\3.0.9.RELEASE\thymeleaf-spring5-3.0.9.RELEASE.jar;D:\Java\apache\apache-maven-3.9.1\mav_repository\org\thymeleaf\thymeleaf\3.0.9.RELEASE\thymeleaf-3.0.9.RELEASE.jar;D:\Java\apache\apache-maven-3.9.1\mav_repository\org\attoparser\attoparser\2.0.4.RELEASE\attoparser-2.0.4.RELEASE.jar;D:\Java\apache\apache-maven-3.9.1\mav_repository\org\unbescape\unbescape\1.1.5.RELEASE\unbescape-1.1.5.RELEASE.jar;D:\Java\apache\apache-maven-3.9.1\mav_repository\org\thymeleaf\extras\thymeleaf-extras-java8time\3.0.1.RELEASE\thymeleaf-extras-java8time-3.0.1.RELEASE.jar;D:\Java\apache\apache-maven-3.9.1\mav_repository\org\mybatis\spring\boot\mybatis-spring-boot-starter\1.3.2\mybatis-spring-boot-starter-1.3.2.jar;D:\Java\apache\apache-maven-3.9.1\mav_repository\org\springframework\boot\spring-boot-starter-jdbc\2.0.0.RELEASE\spring-boot-starter-jdbc-2.0.0.RELEASE.jar;D:\Java\apache\apache-maven-3.9.1\mav_repository\com\zaxxer\HikariCP\2.7.8\HikariCP-2.7.8.jar;D:\Java\apache\apache-maven-3.9.1\mav_repository\org\springframework\spring-jdbc\5.0.4.RELEASE\spring-jdbc-5.0.4.RELEASE.jar;D:\Java\apache\apache-maven-3.9.1\mav_repository\org\mybatis\spring\boot\mybatis-spring-boot-autoconfigure\1.3.2\mybatis-spring-boot-autoconfigure-1.3.2.jar;D:\Java\apache\apache-maven-3.9.1\mav_repository\org\mybatis\mybatis\3.4.6\mybatis-3.4.6.jar;D:\Java\apache\apache-maven-3.9.1\mav_repository\org\mybatis\mybatis-spring\1.3.2\mybatis-spring-1.3.2.jar;D:\Java\apache\apache-maven-3.9.1\mav_repository\com\github\pagehelper\pagehelper-spring-boot-starter\1.2.3\pagehelper-spring-boot-starter-1.2.3.jar;D:\Java\apache\apache-maven-3.9.1\mav_repository\com\github\pagehelper\pagehelper-spring-boot-autoconfigure\1.2.3\pagehelper-spring-boot-autoconfigure-1.2.3.jar;D:\Java\apache\apache-maven-3.9.1\mav_repository\com\github\pagehelper\pagehelper\5.1.2\pagehelper-5.1.2.jar;D:\Java\apache\apache-maven-3.9.1\mav_repository\com\github\jsqlparser\jsqlparser\1.0\jsqlparser-1.0.jar;D:\Java\apache\apache-maven-3.9.1\mav_repository\org\apache\logging\log4j\log4j-1.2-api\2.8.2\log4j-1.2-api-2.8.2.jar;D:\Java\apache\apache-maven-3.9.1\mav_repository\org\apache\logging\log4j\log4j-api\2.10.0\log4j-api-2.10.0.jar;D:\Java\apache\apache-maven-3.9.1\mav_repository\org\apache\commons\commons-pool2\2.0\commons-pool2-2.0.jar;D:\Java\apache\apache-maven-3.9.1\mav_repository\com\mysql\mysql-connector-j\8.0.32\mysql-connector-j-8.0.32.jar;D:\Java\apache\apache-maven-3.9.1\mav_repository\com\google\protobuf\protobuf-java\3.21.9\protobuf-java-3.21.9.jar;D:\Java\apache\apache-maven-3.9.1\mav_repository\com\alibaba\druid\1.1.10\druid-1.1.10.jar;D:\Java\apache\apache-maven-3.9.1\mav_repository\org\projectlombok\lombok\1.18.20\lombok-1.18.20.jar;D:\Java\apache\apache-maven-3.9.1\mav_repository\org\springframework\boot\spring-boot-starter-security\2.0.0.RELEASE\spring-boot-starter-security-2.0.0.RELEASE.jar;D:\Java\apache\apache-maven-3.9.1\mav_repository\org\springframework\spring-aop\5.0.4.RELEASE\spring-aop-5.0.4.RELEASE.jar;D:\Java\apache\apache-maven-3.9.1\mav_repository\org\springframework\security\spring-security-config\5.0.3.RELEASE\spring-security-config-5.0.3.RELEASE.jar;D:\Java\apache\apache-maven-3.9.1\mav_repository\org\springframework\security\spring-security-core\5.0.3.RELEASE\spring-security-core-5.0.3.RELEASE.jar;D:\Java\apache\apache-maven-3.9.1\mav_repository\org\springframework\security\spring-security-web\5.0.3.RELEASE\spring-security-web-5.0.3.RELEASE.jar;D:\Java\apache\apache-maven-3.9.1\mav_repository\org\thymeleaf\extras\thymeleaf-extras-springsecurity4\3.0.2.RELEASE\thymeleaf-extras-springsecurity4-3.0.2.RELEASE.jar;D:\Java\apache\apache-maven-3.9.1\mav_repository\org\slf4j\slf4j-api\1.7.25\slf4j-api-1.7.25.jar;D:\Java\apache\apache-maven-3.9.1\mav_repository\net\sf\json-lib\json-lib-ext-spring\1.0.2\json-lib-ext-spring-1.0.2.jar;D:\Java\apache\apache-maven-3.9.1\mav_repository\net\sf\json-lib\json-lib\2.2.2\json-lib-2.2.2-jdk15.jar;D:\Java\apache\apache-maven-3.9.1\mav_repository\commons-beanutils\commons-beanutils\1.7.0\commons-beanutils-1.7.0.jar;D:\Java\apache\apache-maven-3.9.1\mav_repository\commons-collections\commons-collections\3.2\commons-collections-3.2.jar;D:\Java\apache\apache-maven-3.9.1\mav_repository\commons-lang\commons-lang\2.4\commons-lang-2.4.jar;D:\Java\apache\apache-maven-3.9.1\mav_repository\commons-logging\commons-logging\1.1.1\commons-logging-1.1.1.jar;D:\Java\apache\apache-maven-3.9.1\mav_repository\net\sf\ezmorph\ezmorph\1.0.4\ezmorph-1.0.4.jar;D:\Java\apache\apache-maven-3.9.1\mav_repository\javax\servlet\servlet-api\2.4\servlet-api-2.4.jar;D:\Java\apache\apache-maven-3.9.1\mav_repository\log4j\log4j\1.2.14\log4j-1.2.14.jar;D:\Java\apache\apache-maven-3.9.1\mav_repository\org\json\json\20160810\json-20160810.jar;D:\Java\apache\apache-maven-3.9.1\mav_repository\com\alibaba\fastjson\1.2.58\fastjson-1.2.58.jar;D:\Java\apache\apache-maven-3.9.1\mav_repository\com\aliyun\aliyun-java-sdk-dysmsapi\1.1.0\aliyun-java-sdk-dysmsapi-1.1.0.jar;D:\Java\apache\apache-maven-3.9.1\mav_repository\com\aliyun\aliyun-java-sdk-core\3.2.8\aliyun-java-sdk-core-3.2.8.jar;D:\Java\apache\apache-maven-3.9.1\mav_repository\com\aliyun\oss\aliyun-sdk-oss\2.8.3\aliyun-sdk-oss-2.8.3.jar;D:\Java\apache\apache-maven-3.9.1\mav_repository\org\apache\httpcomponents\httpclient\4.5.5\httpclient-4.5.5.jar;D:\Java\apache\apache-maven-3.9.1\mav_repository\org\apache\httpcomponents\httpcore\4.4.9\httpcore-4.4.9.jar;D:\Java\apache\apache-maven-3.9.1\mav_repository\org\jdom\jdom\1.1\jdom-1.1.jar;D:\Java\apache\apache-maven-3.9.1\mav_repository\org\springframework\boot\spring-boot-starter-data-redis\2.0.0.RELEASE\spring-boot-starter-data-redis-2.0.0.RELEASE.jar;D:\Java\apache\apache-maven-3.9.1\mav_repository\org\springframework\data\spring-data-redis\2.0.5.RELEASE\spring-data-redis-2.0.5.RELEASE.jar;D:\Java\apache\apache-maven-3.9.1\mav_repository\org\springframework\data\spring-data-keyvalue\2.0.5.RELEASE\spring-data-keyvalue-2.0.5.RELEASE.jar;D:\Java\apache\apache-maven-3.9.1\mav_repository\org\springframework\data\spring-data-commons\2.0.5.RELEASE\spring-data-commons-2.0.5.RELEASE.jar;D:\Java\apache\apache-maven-3.9.1\mav_repository\org\springframework\spring-tx\5.0.4.RELEASE\spring-tx-5.0.4.RELEASE.jar;D:\Java\apache\apache-maven-3.9.1\mav_repository\org\springframework\spring-oxm\5.0.4.RELEASE\spring-oxm-5.0.4.RELEASE.jar;D:\Java\apache\apache-maven-3.9.1\mav_repository\org\springframework\spring-context-support\5.0.4.RELEASE\spring-context-support-5.0.4.RELEASE.jar;D:\Java\apache\apache-maven-3.9.1\mav_repository\io\lettuce\lettuce-core\5.0.2.RELEASE\lettuce-core-5.0.2.RELEASE.jar;D:\Java\apache\apache-maven-3.9.1\mav_repository\io\projectreactor\reactor-core\3.1.5.RELEASE\reactor-core-3.1.5.RELEASE.jar;D:\Java\apache\apache-maven-3.9.1\mav_repository\org\reactivestreams\reactive-streams\1.0.2\reactive-streams-1.0.2.jar;D:\Java\apache\apache-maven-3.9.1\mav_repository\io\netty\netty-common\4.1.22.Final\netty-common-4.1.22.Final.jar;D:\Java\apache\apache-maven-3.9.1\mav_repository\io\netty\netty-transport\4.1.22.Final\netty-transport-4.1.22.Final.jar;D:\Java\apache\apache-maven-3.9.1\mav_repository\io\netty\netty-buffer\4.1.22.Final\netty-buffer-4.1.22.Final.jar;D:\Java\apache\apache-maven-3.9.1\mav_repository\io\netty\netty-resolver\4.1.22.Final\netty-resolver-4.1.22.Final.jar;D:\Java\apache\apache-maven-3.9.1\mav_repository\io\netty\netty-handler\4.1.22.Final\netty-handler-4.1.22.Final.jar;D:\Java\apache\apache-maven-3.9.1\mav_repository\io\netty\netty-codec\4.1.22.Final\netty-codec-4.1.22.Final.jar;D:\Java\apache\apache-maven-3.9.1\mav_repository\commons-codec\commons-codec\1.11\commons-codec-1.11.jar;D:\Java\apache\apache-maven-3.9.1\mav_repository\org\springframework\boot\spring-boot-starter-aop\2.0.0.RELEASE\spring-boot-starter-aop-2.0.0.RELEASE.jar;D:\Java\apache\apache-maven-3.9.1\mav_repository\org\aspectj\aspectjweaver\1.8.13\aspectjweaver-1.8.13.jar;"/>
    <property name="sun.cpu.endian" value="little"/>
    <property name="user.home" value="C:\Users\33135"/>
    <property name="user.language" value="zh"/>
    <property name="java.specification.vendor" value="Oracle Corporation"/>
    <property name="java.home" value="D:\Java\Tools\JDK\JDK1.8\jre"/>
    <property name="basedir" value="C:\Users\33135\Desktop\MyBlog"/>
    <property name="file.separator" value="\"/>
    <property name="line.separator" value="&#10;"/>
    <property name="java.vm.specification.vendor" value="Oracle Corporation"/>
    <property name="java.specification.name" value="Java Platform API Specification"/>
    <property name="java.awt.graphicsenv" value="sun.awt.Win32GraphicsEnvironment"/>
    <property name="surefire.real.class.path" value="C:\Users\33135\AppData\Local\Temp\surefire5037286668138131105\surefirebooter7098011132944790838.jar"/>
    <property name="sun.boot.class.path" value="D:\Java\Tools\JDK\JDK1.8\jre\lib\resources.jar;D:\Java\Tools\JDK\JDK1.8\jre\lib\rt.jar;D:\Java\Tools\JDK\JDK1.8\jre\lib\jsse.jar;D:\Java\Tools\JDK\JDK1.8\jre\lib\jce.jar;D:\Java\Tools\JDK\JDK1.8\jre\lib\charsets.jar;D:\Java\Tools\JDK\JDK1.8\jre\lib\jfr.jar;D:\Java\Tools\JDK\JDK1.8\jre\classes"/>
    <property name="user.script" value=""/>
    <property name="sun.management.compiler" value="HotSpot 64-Bit Tiered Compilers"/>
    <property name="java.runtime.version" value="1.8.0_371-b11"/>
    <property name="user.name" value="administration"/>
    <property name="path.separator" value=";"/>
    <property name="os.version" value="10.0"/>
    <property name="java.endorsed.dirs" value="D:\Java\Tools\JDK\JDK1.8\jre\lib\endorsed"/>
    <property name="java.runtime.name" value="Java(TM) SE Runtime Environment"/>
    <property name="file.encoding" value="GBK"/>
    <property name="java.vm.name" value="Java HotSpot(TM) 64-Bit Server VM"/>
    <property name="localRepository" value="D:\Java\apache\apache-maven-3.9.1\mav_repository"/>
    <property name="java.vendor.url.bug" value="http://bugreport.sun.com/bugreport/"/>
    <property name="java.io.tmpdir" value="C:\Users\33135\AppData\Local\Temp\"/>
    <property name="idea.version" value="2022.2.2"/>
    <property name="java.version" value="1.8.0_371"/>
    <property name="user.dir" value="C:\Users\33135\Desktop\MyBlog"/>
    <property name="os.arch" value="amd64"/>
    <property name="java.vm.specification.name" value="Java Virtual Machine Specification"/>
    <property name="java.awt.printerjob" value="sun.awt.windows.WPrinterJob"/>
    <property name="sun.os.patch.level" value=""/>
    <property name="java.library.path" value="D:\Java\Tools\JDK\JDK1.8\jre\bin;C:\Windows\Sun\Java\bin;C:\Windows\system32;C:\Windows;C:\Program Files (x86)\Common Files\Oracle\Java\javapath;D:\Python\develop\Scripts\;D:\Python\develop\;C:\Program Files (x86)\VMware\VMware Workstation\bin\;C:\Windows\system32;C:\Windows;C:\Windows\System32\Wbem;C:\Windows\System32\WindowsPowerShell\v1.0\;C:\Windows\System32\OpenSSH\;C:\Program Files\Microsoft SQL Server\110\Tools\Binn\;C:\Program Files (x86)\Microsoft SQL Server\110\Tools\Binn\;C:\Program Files\Microsoft SQL Server\110\DTS\Binn\;C:\Program Files (x86)\Microsoft SQL Server\110\Tools\Binn\ManagementStudio\;C:\Program Files (x86)\Microsoft Visual Studio 10.0\Common7\IDE\PrivateAssemblies\;C:\Program Files (x86)\Microsoft SQL Server\110\DTS\Binn\;C:\Program Files\Azure Data Studio\bin;C:\Program Files (x86)\Microsoft SQL Server\160\DTS\Binn\;D:\GitTools\Git\cmd;C:\Users\33135\AppData\Local\Microsoft\WindowsApps;D:\Java\Tools\JDK\JDK1.8\bin;C:\Program Files\Azure Data Studio\bin;C:\Users\33135\Downloads\Microsoft VS Code\bin;D:\Python\Pycharm\PyCharm Community Edition 2023.1\bin;;D:\Java\apache\apache-maven-3.9.1\bin;;."/>
    <property name="java.vm.info" value="mixed mode"/>
    <property name="java.vendor" value="Oracle Corporation"/>
    <property name="java.vm.version" value="25.371-b11"/>
    <property name="java.specification.maintenance.version" value="4"/>
    <property name="java.ext.dirs" value="D:\Java\Tools\JDK\JDK1.8\jre\lib\ext;C:\Windows\Sun\Java\lib\ext"/>
    <property name="sun.io.unicode.encoding" value="UnicodeLittle"/>
    <property name="java.class.version" value="52.0"/>
  </properties>
  <testcase name="redisTest" classname="com.zhy.service.RedisTest" time="0.01"/>
</testsuite>